INFO: localdir at /scratch/511913.hpc_group_04
INFO: your job will run on local system.
Generating matrix
Loading CUDA and compiling
Total execution time 4.032224 ms
Printing final state of the board...
Printing overall count of alive generation for single cell...
Printing maximum consecutive alive generations...
Found at least 2 GPU's
Total execution time 16.255297 ms
Total execution time with 2 GPU 16.255297 ms
Printing final state of the board...
Printing overall count of alive generation for single cell...
Printing maximum consecutive alive generations...
Total execution time 8.019616 ms
Printing final state of the board...
Printing overall count of alive generation for single cell...
Printing maximum consecutive alive generations...
Found at least 2 GPU's
Total execution time 12.804320 ms
Total execution time with 2 GPU 12.804320 ms
Printing final state of the board...
Printing overall count of alive generation for single cell...
Printing maximum consecutive alive generations...
Total execution time 11.860672 ms
Printing final state of the board...
Printing overall count of alive generation for single cell...
Printing maximum consecutive alive generations...
Found at least 2 GPU's
Total execution time 18.781025 ms
Total execution time with 2 GPU 18.781025 ms
Printing final state of the board...
Printing overall count of alive generation for single cell...
Printing maximum consecutive alive generations...
Total execution time 15.781216 ms
Printing final state of the board...
Printing overall count of alive generation for single cell...
Printing maximum consecutive alive generations...
Found at least 2 GPU's
Total execution time 25.265921 ms
Total execution time with 2 GPU 25.265921 ms
Printing final state of the board...
Printing overall count of alive generation for single cell...
Printing maximum consecutive alive generations...
Total execution time 19.695808 ms
Printing final state of the board...
Printing overall count of alive generation for single cell...
Printing maximum consecutive alive generations...
Found at least 2 GPU's
Total execution time 31.337343 ms
Total execution time with 2 GPU 31.337343 ms
Printing final state of the board...
Printing overall count of alive generation for single cell...
Printing maximum consecutive alive generations...
Total execution time 10.239520 ms
Printing final state of the board...
Printing overall count of alive generation for single cell...
Printing maximum consecutive alive generations...
Found at least 2 GPU's
Total execution time 7.395872 ms
Total execution time with 2 GPU 7.395872 ms
Printing final state of the board...
Printing overall count of alive generation for single cell...
Printing maximum consecutive alive generations...
Total execution time 20.320225 ms
Printing final state of the board...
Printing overall count of alive generation for single cell...
Printing maximum consecutive alive generations...
Found at least 2 GPU's
Total execution time 13.988448 ms
Total execution time with 2 GPU 13.988448 ms
Printing final state of the board...
Printing overall count of alive generation for single cell...
Printing maximum consecutive alive generations...
Total execution time 30.688736 ms
Printing final state of the board...
Printing overall count of alive generation for single cell...
Printing maximum consecutive alive generations...
Found at least 2 GPU's
Total execution time 25.749504 ms
Total execution time with 2 GPU 25.749504 ms
Printing final state of the board...
Printing overall count of alive generation for single cell...
Printing maximum consecutive alive generations...
Total execution time 40.507298 ms
Printing final state of the board...
Printing overall count of alive generation for single cell...
Printing maximum consecutive alive generations...
Found at least 2 GPU's
Total execution time 26.917376 ms
Total execution time with 2 GPU 26.917376 ms
Printing final state of the board...
Printing overall count of alive generation for single cell...
Printing maximum consecutive alive generations...
Total execution time 50.689632 ms
Printing final state of the board...
Printing overall count of alive generation for single cell...
Printing maximum consecutive alive generations...
Found at least 2 GPU's
Total execution time 33.455647 ms
Total execution time with 2 GPU 33.455647 ms
Printing final state of the board...
Printing overall count of alive generation for single cell...
Printing maximum consecutive alive generations...
Total execution time 19.032673 ms
Printing final state of the board...
Printing overall count of alive generation for single cell...
Printing maximum consecutive alive generations...
Found at least 2 GPU's
Total execution time 8.191008 ms
Total execution time with 2 GPU 8.191008 ms
Printing final state of the board...
Printing overall count of alive generation for single cell...
Printing maximum consecutive alive generations...
Total execution time 38.052608 ms
Printing final state of the board...
Printing overall count of alive generation for single cell...
Printing maximum consecutive alive generations...
Found at least 2 GPU's
Total execution time 30.353792 ms
Total execution time with 2 GPU 30.353792 ms
Printing final state of the board...
Printing overall count of alive generation for single cell...
Printing maximum consecutive alive generations...
Total execution time 56.529823 ms
Printing final state of the board...
Printing overall count of alive generation for single cell...
Printing maximum consecutive alive generations...
Found at least 2 GPU's
Total execution time 23.268641 ms
Total execution time with 2 GPU 23.268641 ms
Printing final state of the board...
Printing overall count of alive generation for single cell...
Printing maximum consecutive alive generations...
Total execution time 75.340706 ms
Printing final state of the board...
Printing overall count of alive generation for single cell...
Printing maximum consecutive alive generations...
Found at least 2 GPU's
Total execution time 31.316641 ms
Total execution time with 2 GPU 31.316641 ms
Printing final state of the board...
Printing overall count of alive generation for single cell...
Printing maximum consecutive alive generations...
Total execution time 94.062561 ms
Printing final state of the board...
Printing overall count of alive generation for single cell...
Printing maximum consecutive alive generations...
Found at least 2 GPU's
Total execution time 49.322559 ms
Total execution time with 2 GPU 49.322559 ms
Printing final state of the board...
Printing overall count of alive generation for single cell...
Printing maximum consecutive alive generations...
Total execution time 32.165855 ms
Printing final state of the board...
Printing overall count of alive generation for single cell...
Printing maximum consecutive alive generations...
Found at least 2 GPU's
Total execution time 9.768128 ms
Total execution time with 2 GPU 9.768128 ms
Printing final state of the board...
Printing overall count of alive generation for single cell...
Printing maximum consecutive alive generations...
Total execution time 63.936607 ms
Printing final state of the board...
Printing overall count of alive generation for single cell...
Printing maximum consecutive alive generations...
Found at least 2 GPU's
Total execution time 18.427456 ms
Total execution time with 2 GPU 18.427456 ms
Printing final state of the board...
Printing overall count of alive generation for single cell...
Printing maximum consecutive alive generations...
Total execution time 95.641731 ms
Printing final state of the board...
Printing overall count of alive generation for single cell...
Printing maximum consecutive alive generations...
Found at least 2 GPU's
Total execution time 27.416576 ms
Total execution time with 2 GPU 27.416576 ms
Printing final state of the board...
Printing overall count of alive generation for single cell...
Printing maximum consecutive alive generations...
Total execution time 127.200195 ms
Printing final state of the board...
Printing overall count of alive generation for single cell...
Printing maximum consecutive alive generations...
Found at least 2 GPU's
Total execution time 46.046303 ms
Total execution time with 2 GPU 46.046303 ms
Printing final state of the board...
Printing overall count of alive generation for single cell...
Printing maximum consecutive alive generations...
Total execution time 158.724991 ms
Printing final state of the board...
Printing overall count of alive generation for single cell...
Printing maximum consecutive alive generations...
Found at least 2 GPU's
Total execution time 44.990177 ms
Total execution time with 2 GPU 44.990177 ms
Printing final state of the board...
Printing overall count of alive generation for single cell...
Printing maximum consecutive alive generations...
Total execution time 48.800735 ms
Printing final state of the board...
Printing overall count of alive generation for single cell...
Printing maximum consecutive alive generations...
Found at least 2 GPU's
Total execution time 22.894976 ms
Total execution time with 2 GPU 22.894976 ms
Printing final state of the board...
Printing overall count of alive generation for single cell...
Printing maximum consecutive alive generations...
Total execution time 96.859459 ms
Printing final state of the board...
Printing overall count of alive generation for single cell...
Printing maximum consecutive alive generations...
Found at least 2 GPU's
Total execution time 23.234943 ms
Total execution time with 2 GPU 23.234943 ms
Printing final state of the board...
Printing overall count of alive generation for single cell...
Printing maximum consecutive alive generations...
Total execution time 144.831772 ms
Printing final state of the board...
Printing overall count of alive generation for single cell...
Printing maximum consecutive alive generations...
Found at least 2 GPU's
Total execution time 34.507038 ms
Total execution time with 2 GPU 34.507038 ms
Printing final state of the board...
Printing overall count of alive generation for single cell...
Printing maximum consecutive alive generations...
Total execution time 192.582809 ms
Printing final state of the board...
Printing overall count of alive generation for single cell...
Printing maximum consecutive alive generations...
Found at least 2 GPU's
Total execution time 45.037086 ms
Total execution time with 2 GPU 45.037086 ms
Printing final state of the board...
Printing overall count of alive generation for single cell...
Printing maximum consecutive alive generations...
Total execution time 240.748230 ms
Printing final state of the board...
Printing overall count of alive generation for single cell...
Printing maximum consecutive alive generations...
Found at least 2 GPU's
Total execution time 55.246880 ms
Total execution time with 2 GPU 55.246880 ms
Printing final state of the board...
Printing overall count of alive generation for single cell...
Printing maximum consecutive alive generations...
Total execution time 69.580734 ms
Printing final state of the board...
Printing overall count of alive generation for single cell...
Printing maximum consecutive alive generations...
Found at least 2 GPU's
Total execution time 15.117856 ms
Total execution time with 2 GPU 15.117856 ms
Printing final state of the board...
Printing overall count of alive generation for single cell...
Printing maximum consecutive alive generations...
Total execution time 138.291519 ms
Printing final state of the board...
Printing overall count of alive generation for single cell...
Printing maximum consecutive alive generations...
Found at least 2 GPU's
Total execution time 28.644064 ms
Total execution time with 2 GPU 28.644064 ms
Printing final state of the board...
Printing overall count of alive generation for single cell...
Printing maximum consecutive alive generations...
Total execution time 206.509369 ms
Printing final state of the board...
Printing overall count of alive generation for single cell...
Printing maximum consecutive alive generations...
Found at least 2 GPU's
Total execution time 41.939362 ms
Total execution time with 2 GPU 41.939362 ms
Printing final state of the board...
Printing overall count of alive generation for single cell...
Printing maximum consecutive alive generations...
Total execution time 274.919983 ms
Printing final state of the board...
Printing overall count of alive generation for single cell...
Printing maximum consecutive alive generations...
Found at least 2 GPU's
Total execution time 55.691616 ms
Total execution time with 2 GPU 55.691616 ms
Printing final state of the board...
Printing overall count of alive generation for single cell...
Printing maximum consecutive alive generations...
Total execution time 343.008453 ms
Printing final state of the board...
Printing overall count of alive generation for single cell...
Printing maximum consecutive alive generations...
Found at least 2 GPU's
Total execution time 67.704865 ms
Total execution time with 2 GPU 67.704865 ms
Printing final state of the board...
Printing overall count of alive generation for single cell...
Printing maximum consecutive alive generations...
Total execution time 93.637695 ms
Printing final state of the board...
Printing overall count of alive generation for single cell...
Printing maximum consecutive alive generations...
Found at least 2 GPU's
Total execution time 18.956448 ms
Total execution time with 2 GPU 18.956448 ms
Printing final state of the board...
Printing overall count of alive generation for single cell...
Printing maximum consecutive alive generations...
Total execution time 186.026657 ms
Printing final state of the board...
Printing overall count of alive generation for single cell...
Printing maximum consecutive alive generations...
Found at least 2 GPU's
Total execution time 34.566338 ms
Total execution time with 2 GPU 34.566338 ms
Printing final state of the board...
Printing overall count of alive generation for single cell...
Printing maximum consecutive alive generations...
Total execution time 278.173187 ms
Printing final state of the board...
Printing overall count of alive generation for single cell...
Printing maximum consecutive alive generations...
Found at least 2 GPU's
Total execution time 51.274593 ms
Total execution time with 2 GPU 51.274593 ms
Printing final state of the board...
Printing overall count of alive generation for single cell...
Printing maximum consecutive alive generations...
Total execution time 370.334961 ms
Printing final state of the board...
Printing overall count of alive generation for single cell...
Printing maximum consecutive alive generations...
Found at least 2 GPU's
Total execution time 66.259071 ms
Total execution time with 2 GPU 66.259071 ms
Printing final state of the board...
Printing overall count of alive generation for single cell...
Printing maximum consecutive alive generations...
Total execution time 461.972260 ms
Printing final state of the board...
Printing overall count of alive generation for single cell...
Printing maximum consecutive alive generations...
Found at least 2 GPU's
Total execution time 92.770653 ms
Total execution time with 2 GPU 92.770653 ms
Printing final state of the board...
Printing overall count of alive generation for single cell...
Printing maximum consecutive alive generations...
Total execution time 121.771103 ms
Printing final state of the board...
Printing overall count of alive generation for single cell...
Printing maximum consecutive alive generations...
Found at least 2 GPU's
Total execution time 20.646849 ms
Total execution time with 2 GPU 20.646849 ms
Printing final state of the board...
Printing overall count of alive generation for single cell...
Printing maximum consecutive alive generations...
Total execution time 241.434875 ms
Printing final state of the board...
Printing overall count of alive generation for single cell...
Printing maximum consecutive alive generations...
Found at least 2 GPU's
Total execution time 39.368065 ms
Total execution time with 2 GPU 39.368065 ms
Printing final state of the board...
Printing overall count of alive generation for single cell...
Printing maximum consecutive alive generations...
Total execution time 363.475647 ms
Printing final state of the board...
Printing overall count of alive generation for single cell...
Printing maximum consecutive alive generations...
Found at least 2 GPU's
Total execution time 59.419968 ms
Total execution time with 2 GPU 59.419968 ms
Printing final state of the board...
Printing overall count of alive generation for single cell...
Printing maximum consecutive alive generations...
Total execution time 479.298798 ms
Printing final state of the board...
Printing overall count of alive generation for single cell...
Printing maximum consecutive alive generations...
Found at least 2 GPU's
Total execution time 80.768578 ms
Total execution time with 2 GPU 80.768578 ms
Printing final state of the board...
Printing overall count of alive generation for single cell...
Printing maximum consecutive alive generations...
Total execution time 598.797119 ms
Printing final state of the board...
Printing overall count of alive generation for single cell...
Printing maximum consecutive alive generations...
Found at least 2 GPU's
Total execution time 95.355293 ms
Total execution time with 2 GPU 95.355293 ms
Printing final state of the board...
Printing overall count of alive generation for single cell...
Printing maximum consecutive alive generations...
Total execution time 152.519577 ms
Printing final state of the board...
Printing overall count of alive generation for single cell...
Printing maximum consecutive alive generations...
Found at least 2 GPU's
Total execution time 39.053856 ms
Total execution time with 2 GPU 39.053856 ms
Printing final state of the board...
Printing overall count of alive generation for single cell...
Printing maximum consecutive alive generations...
Total execution time 303.098724 ms
Printing final state of the board...
Printing overall count of alive generation for single cell...
Printing maximum consecutive alive generations...
Found at least 2 GPU's
Total execution time 59.340130 ms
Total execution time with 2 GPU 59.340130 ms
Printing final state of the board...
Printing overall count of alive generation for single cell...
Printing maximum consecutive alive generations...
Total execution time 453.157257 ms
Printing final state of the board...
Printing overall count of alive generation for single cell...
Printing maximum consecutive alive generations...
Found at least 2 GPU's
Total execution time 72.465057 ms
Total execution time with 2 GPU 72.465057 ms
Printing final state of the board...
Printing overall count of alive generation for single cell...
Printing maximum consecutive alive generations...
Total execution time 602.621582 ms
Printing final state of the board...
Printing overall count of alive generation for single cell...
Printing maximum consecutive alive generations...
Found at least 2 GPU's
Total execution time 95.119743 ms
Total execution time with 2 GPU 95.119743 ms
Printing final state of the board...
Printing overall count of alive generation for single cell...
Printing maximum consecutive alive generations...
Total execution time 752.522339 ms
Printing final state of the board...
Printing overall count of alive generation for single cell...
Printing maximum consecutive alive generations...
Found at least 2 GPU's
Total execution time 128.191910 ms
Total execution time with 2 GPU 128.191910 ms
Printing final state of the board...
Printing overall count of alive generation for single cell...
Printing maximum consecutive alive generations...
Total execution time 186.951294 ms
Printing final state of the board...
Printing overall count of alive generation for single cell...
Printing maximum consecutive alive generations...
Found at least 2 GPU's
Total execution time 29.753088 ms
Total execution time with 2 GPU 29.753088 ms
Printing final state of the board...
Printing overall count of alive generation for single cell...
Printing maximum consecutive alive generations...
Total execution time 371.617279 ms
Printing final state of the board...
Printing overall count of alive generation for single cell...
Printing maximum consecutive alive generations...
Found at least 2 GPU's
Total execution time 64.610367 ms
Total execution time with 2 GPU 64.610367 ms
Printing final state of the board...
Printing overall count of alive generation for single cell...
Printing maximum consecutive alive generations...
Total execution time 555.404724 ms
Printing final state of the board...
Printing overall count of alive generation for single cell...
Printing maximum consecutive alive generations...
Found at least 2 GPU's
Total execution time 83.384163 ms
Total execution time with 2 GPU 83.384163 ms
Printing final state of the board...
Printing overall count of alive generation for single cell...
Printing maximum consecutive alive generations...
Total execution time 739.139221 ms
Printing final state of the board...
Printing overall count of alive generation for single cell...
Printing maximum consecutive alive generations...
Found at least 2 GPU's
Total execution time 109.262276 ms
Total execution time with 2 GPU 109.262276 ms
Printing final state of the board...
Printing overall count of alive generation for single cell...
Printing maximum consecutive alive generations...
Total execution time 923.000977 ms
Printing final state of the board...
Printing overall count of alive generation for single cell...
Printing maximum consecutive alive generations...
Found at least 2 GPU's
Total execution time 146.858780 ms
Total execution time with 2 GPU 146.858780 ms
Printing final state of the board...
Printing overall count of alive generation for single cell...
Printing maximum consecutive alive generations...
